<?xml version="1.0" encoding="UTF-8"?>
<testsuite name="mutiitu.blog.java.AppTest" tests="1" skipped="0" failures="0" errors="0" timestamp="2023-08-26T10:57:26" hostname="DESKTOP-GHEE3I0" time="0.002">
  <properties/>
  <testcase name="appHasAGreeting" classname="mutiitu.blog.java.AppTest" time="0.002"/>
  <system-out><![CDATA[]]></system-out>
  <system-err><![CDATA[]]></system-err>
</testsuite>
